build/app/intermediates/manifest_merge_blame_file/debug/manifest-merger-blame-debug-report.txt
1<?xml version="1.0" encoding="utf-8"?>
2<manifest xmlns:android="http://schemas.android.com/apk/res/android"
3    package="com.example.app_view_trading"
4    android:versionCode="1"
5    android:versionName="1.0.0" >
6
7    <uses-sdk
8        android:minSdkVersion="21"
9        android:targetSdkVersion="33" />
10    <!--
11         The INTERNET permission is required for development. Specifically,
12         the Flutter tool needs it to communicate with the running application
13         to allow setting breakpoints, to provide hot reload, etc.
14    -->
15    <uses-permission android:name="android.permission.INTERNET" />
15-->src/main/AndroidManifest.xml:2:5-67
15-->src/main/AndroidManifest.xml:2:22-64
16
17    <queries>
17-->[:flutter_inappwebview_android] AndroidManifest.xml:9:5-13:15
18        <intent>
18-->[:flutter_inappwebview_android] AndroidManifest.xml:10:9-12:18
19            <action android:name="android.support.customtabs.action.CustomTabsService" />
19-->[:flutter_inappwebview_android] AndroidManifest.xml:11:13-90
19-->[:flutter_inappwebview_android] AndroidManifest.xml:11:21-87
20        </intent>
21    </queries>
22
23    <permission
23-->[androidx.core:core:1.9.0] AndroidManifest.xml:22:5-24:47
24        android:name="com.example.app_view_trading.DYNAMIC_RECEIVER_NOT_EXPORTED_PERMISSION"
24-->[androidx.core:core:1.9.0] AndroidManifest.xml:23:9-81
25        android:protectionLevel="signature" />
25-->[androidx.core:core:1.9.0] AndroidManifest.xml:24:9-44
26
27    <uses-permission android:name="com.example.app_view_trading.DYNAMIC_RECEIVER_NOT_EXPORTED_PERMISSION" />
27-->[androidx.core:core:1.9.0] AndroidManifest.xml:26:5-97
27-->[androidx.core:core:1.9.0] AndroidManifest.xml:26:22-94
28
29    <application
30        android:name="android.app.Application"
31        android:appComponentFactory="androidx.core.app.CoreComponentFactory"
31-->[androidx.core:core:1.9.0] AndroidManifest.xml:28:18-86
32        android:debuggable="true"
33        android:icon="@mipmap/launcher_icon"
34        android:label="News CryTrade" >
35        <activity
36            android:name="com.example.app_view_trading.MainActivity"
37            android:configChanges="orientation|keyboardHidden|keyboard|screenSize|smallestScreenSize|locale|layoutDirection|fontScale|screenLayout|density|uiMode"
38            android:exported="true"
39            android:hardwareAccelerated="true"
40            android:launchMode="singleTop"
41            android:theme="@style/LaunchTheme"
42            android:windowSoftInputMode="adjustResize" >
43
44            <!--
45                 Specifies an Android theme to apply to this Activity as soon as
46                 the Android process has started. This theme is visible to the user
47                 while the Flutter UI initializes. After that, this theme continues
48                 to determine the Window background behind the Flutter UI.
49            -->
50            <meta-data
51                android:name="io.flutter.embedding.android.NormalTheme"
52                android:resource="@style/NormalTheme" />
53
54            <intent-filter>
55                <action android:name="android.intent.action.MAIN" />
56
57                <category android:name="android.intent.category.LAUNCHER" />
58            </intent-filter>
59        </activity>
60        <!--
61             Don't delete the meta-data below.
62             This is used by the Flutter tool to generate GeneratedPluginRegistrant.java
63        -->
64        <meta-data
65            android:name="flutterEmbedding"
66            android:value="2" />
67
68        <activity
68-->[:flutter_inappwebview_android] AndroidManifest.xml:16:9-20:47
69            android:name="com.pichillilorenzo.flutter_inappwebview_android.in_app_browser.InAppBrowserActivity"
69-->[:flutter_inappwebview_android] AndroidManifest.xml:17:13-112
70            android:configChanges="orientation|keyboardHidden|keyboard|screenSize|locale|layoutDirection|fontScale|screenLayout|density"
70-->[:flutter_inappwebview_android] AndroidManifest.xml:18:13-137
71            android:exported="false"
71-->[:flutter_inappwebview_android] AndroidManifest.xml:19:13-37
72            android:theme="@style/AppTheme" />
72-->[:flutter_inappwebview_android] AndroidManifest.xml:20:13-44
73        <activity
73-->[:flutter_inappwebview_android] AndroidManifest.xml:21:9-24:55
74            android:name="com.pichillilorenzo.flutter_inappwebview_android.chrome_custom_tabs.ChromeCustomTabsActivity"
74-->[:flutter_inappwebview_android] AndroidManifest.xml:22:13-120
75            android:exported="false"
75-->[:flutter_inappwebview_android] AndroidManifest.xml:23:13-37
76            android:theme="@style/ThemeTransparent" />
76-->[:flutter_inappwebview_android] AndroidManifest.xml:24:13-52
77        <activity
77-->[:flutter_inappwebview_android] AndroidManifest.xml:25:9-28:55
78            android:name="com.pichillilorenzo.flutter_inappwebview_android.chrome_custom_tabs.TrustedWebActivity"
78-->[:flutter_inappwebview_android] AndroidManifest.xml:26:13-114
79            android:exported="false"
79-->[:flutter_inappwebview_android] AndroidManifest.xml:27:13-37
80            android:theme="@style/ThemeTransparent" />
80-->[:flutter_inappwebview_android] AndroidManifest.xml:28:13-52
81        <activity
81-->[:flutter_inappwebview_android] AndroidManifest.xml:29:9-33:55
82            android:name="com.pichillilorenzo.flutter_inappwebview_android.chrome_custom_tabs.ChromeCustomTabsActivitySingleInstance"
82-->[:flutter_inappwebview_android] AndroidManifest.xml:30:13-134
83            android:exported="false"
83-->[:flutter_inappwebview_android] AndroidManifest.xml:31:13-37
84            android:launchMode="singleInstance"
84-->[:flutter_inappwebview_android] AndroidManifest.xml:32:13-48
85            android:theme="@style/ThemeTransparent" />
85-->[:flutter_inappwebview_android] AndroidManifest.xml:33:13-52
86        <activity
86-->[:flutter_inappwebview_android] AndroidManifest.xml:34:9-38:55
87            android:name="com.pichillilorenzo.flutter_inappwebview_android.chrome_custom_tabs.TrustedWebActivitySingleInstance"
87-->[:flutter_inappwebview_android] AndroidManifest.xml:35:13-128
88            android:exported="false"
88-->[:flutter_inappwebview_android] AndroidManifest.xml:36:13-37
89            android:launchMode="singleInstance"
89-->[:flutter_inappwebview_android] AndroidManifest.xml:37:13-48
90            android:theme="@style/ThemeTransparent" />
90-->[:flutter_inappwebview_android] AndroidManifest.xml:38:13-52
91
92        <receiver
92-->[:flutter_inappwebview_android] AndroidManifest.xml:40:9-43:40
93            android:name="com.pichillilorenzo.flutter_inappwebview_android.chrome_custom_tabs.ActionBroadcastReceiver"
93-->[:flutter_inappwebview_android] AndroidManifest.xml:41:13-119
94            android:enabled="true"
94-->[:flutter_inappwebview_android] AndroidManifest.xml:42:13-35
95            android:exported="false" />
95-->[:flutter_inappwebview_android] AndroidManifest.xml:43:13-37
96
97        <meta-data
97-->[:flutter_inappwebview_android] AndroidManifest.xml:45:9-47:36
98            android:name="io.flutter.embedded_views_preview"
98-->[:flutter_inappwebview_android] AndroidManifest.xml:46:13-61
99            android:value="true" />
99-->[:flutter_inappwebview_android] AndroidManifest.xml:47:13-33
100
101        <uses-library
101-->[androidx.window:window:1.0.0-beta04] AndroidManifest.xml:25:9-27:40
102            android:name="androidx.window.extensions"
102-->[androidx.window:window:1.0.0-beta04] AndroidManifest.xml:26:13-54
103            android:required="false" />
103-->[androidx.window:window:1.0.0-beta04] AndroidManifest.xml:27:13-37
104        <uses-library
104-->[androidx.window:window:1.0.0-beta04] AndroidManifest.xml:28:9-30:40
105            android:name="androidx.window.sidecar"
105-->[androidx.window:window:1.0.0-beta04] AndroidManifest.xml:29:13-51
106            android:required="false" />
106-->[androidx.window:window:1.0.0-beta04] AndroidManifest.xml:30:13-37
107
108        <provider
108-->[androidx.emoji2:emoji2:1.2.0] AndroidManifest.xml:24:9-32:20
109            android:name="androidx.startup.InitializationProvider"
109-->[androidx.emoji2:emoji2:1.2.0] AndroidManifest.xml:25:13-67
110            android:authorities="com.example.app_view_trading.androidx-startup"
110-->[androidx.emoji2:emoji2:1.2.0] AndroidManifest.xml:26:13-68
111            android:exported="false" >
111-->[androidx.emoji2:emoji2:1.2.0] AndroidManifest.xml:27:13-37
112            <meta-data
112-->[androidx.emoji2:emoji2:1.2.0] AndroidManifest.xml:29:13-31:52
113                android:name="androidx.emoji2.text.EmojiCompatInitializer"
113-->[androidx.emoji2:emoji2:1.2.0] AndroidManifest.xml:30:17-75
114                android:value="androidx.startup" />
114-->[androidx.emoji2:emoji2:1.2.0] AndroidManifest.xml:31:17-49
115            <meta-data
115-->[androidx.lifecycle:lifecycle-process:2.4.1] AndroidManifest.xml:31:13-33:52
116                android:name="androidx.lifecycle.ProcessLifecycleInitializer"
116-->[androidx.lifecycle:lifecycle-process:2.4.1] AndroidManifest.xml:32:17-78
117                android:value="androidx.startup" />
117-->[androidx.lifecycle:lifecycle-process:2.4.1] AndroidManifest.xml:33:17-49
118        </provider>
119    </application>
120
121</manifest>